21:07:09.489 [main] INFO  testCases.TC_001_AccountRegistrationTest - ****Starting TC_001_AccountRegistrationTest****
21:07:09.614 [main] INFO  testCases.TC_001_AccountRegistrationTest - Clicked on My account link
21:07:10.804 [main] INFO  testCases.TC_001_AccountRegistrationTest - Clicked on register link
21:07:10.825 [main] INFO  testCases.TC_001_AccountRegistrationTest - Providing customer data
21:07:14.758 [main] INFO  testCases.TC_001_AccountRegistrationTest - Clicked on continue
21:07:14.814 [main] INFO  testCases.TC_001_AccountRegistrationTest - Validating expected message
21:07:14.818 [main] INFO  testCases.TC_001_AccountRegistrationTest - ***  Finished TC_001_AccountRegistrationTest ***
21:07:19.448 [main] INFO  testCases.TC_002_LoginTest - *********Starting TC_002_LoginTest********
21:07:21.632 [main] INFO  testCases.TC_002_LoginTest - *****Finished TC_002_LoginTest********
21:07:28.630 [main] INFO  testCases.TC_003_LoginDataDrivenTest - ****Starting TC_003_LoginDataDrivenTest****
21:07:30.979 [main] INFO  testCases.TC_003_LoginDataDrivenTest - ****Finished TC_003_LoginDataDrivenTest****
21:07:30.993 [main] INFO  testCases.TC_003_LoginDataDrivenTest - ****Starting TC_003_LoginDataDrivenTest****
21:07:52.591 [main] INFO  testCases.TC_003_LoginDataDrivenTest - ****Finished TC_003_LoginDataDrivenTest****
21:07:52.599 [main] INFO  testCases.TC_003_LoginDataDrivenTest - ****Starting TC_003_LoginDataDrivenTest****
21:08:13.813 [main] INFO  testCases.TC_003_LoginDataDrivenTest - ****Finished TC_003_LoginDataDrivenTest****
21:08:13.821 [main] INFO  testCases.TC_003_LoginDataDrivenTest - ****Starting TC_003_LoginDataDrivenTest****
21:08:34.981 [main] INFO  testCases.TC_003_LoginDataDrivenTest - ****Finished TC_003_LoginDataDrivenTest****
21:08:34.989 [main] INFO  testCases.TC_003_LoginDataDrivenTest - ****Starting TC_003_LoginDataDrivenTest****
21:08:56.168 [main] INFO  testCases.TC_003_LoginDataDrivenTest - ****Finished TC_003_LoginDataDrivenTest****
16:19:31.635 [TestNG-tests-1] INFO  testCases.TC_001_AccountRegistrationTest - ****Starting TC_001_AccountRegistrationTest****
16:19:32.735 [TestNG-tests-1] INFO  testCases.TC_001_AccountRegistrationTest - Clicked on My account link
16:19:35.131 [TestNG-tests-1] INFO  testCases.TC_001_AccountRegistrationTest - Clicked on register link
16:19:35.186 [TestNG-tests-1] INFO  testCases.TC_001_AccountRegistrationTest - Providing customer data
16:19:41.344 [TestNG-tests-1] INFO  testCases.TC_001_AccountRegistrationTest - Clicked on continue
16:19:41.484 [TestNG-tests-1] INFO  testCases.TC_001_AccountRegistrationTest - Validating expected message
16:19:41.489 [TestNG-tests-1] INFO  testCases.TC_001_AccountRegistrationTest - ***  Finished TC_001_AccountRegistrationTest ***
17:29:50.871 [main] INFO  testCases.TC_001_AccountRegistrationTest - ****Starting TC_001_AccountRegistrationTest****
17:29:51.149 [main] INFO  testCases.TC_001_AccountRegistrationTest - Clicked on My account link
17:29:52.906 [main] INFO  testCases.TC_001_AccountRegistrationTest - Clicked on register link
17:29:52.923 [main] INFO  testCases.TC_001_AccountRegistrationTest - Providing customer data
17:29:57.474 [main] INFO  testCases.TC_001_AccountRegistrationTest - Clicked on continue
17:29:57.537 [main] INFO  testCases.TC_001_AccountRegistrationTest - Validating expected message
17:29:57.541 [main] INFO  testCases.TC_001_AccountRegistrationTest - ***  Finished TC_001_AccountRegistrationTest ***
17:30:02.036 [main] INFO  testCases.TC_002_LoginTest - *********Starting TC_002_LoginTest********
17:30:04.554 [main] INFO  testCases.TC_002_LoginTest - *****Finished TC_002_LoginTest********
17:42:27.075 [main] INFO  testCases.TC_001_AccountRegistrationTest - ****Starting TC_001_AccountRegistrationTest****
17:42:27.239 [main] INFO  testCases.TC_001_AccountRegistrationTest - Clicked on My account link
17:42:28.030 [main] INFO  testCases.TC_001_AccountRegistrationTest - Clicked on register link
17:42:28.035 [main] INFO  testCases.TC_001_AccountRegistrationTest - Providing customer data
17:42:31.768 [main] INFO  testCases.TC_001_AccountRegistrationTest - Clicked on continue
17:42:31.830 [main] INFO  testCases.TC_001_AccountRegistrationTest - Validating expected message
17:42:31.833 [main] INFO  testCases.TC_001_AccountRegistrationTest - ***  Finished TC_001_AccountRegistrationTest ***
17:42:36.303 [main] INFO  testCases.TC_002_LoginTest - *********Starting TC_002_LoginTest********
17:42:38.010 [main] INFO  testCases.TC_002_LoginTest - *****Finished TC_002_LoginTest********
17:43:44.134 [main] INFO  testCases.TC_001_AccountRegistrationTest - ****Starting TC_001_AccountRegistrationTest****
17:43:44.261 [main] INFO  testCases.TC_001_AccountRegistrationTest - Clicked on My account link
17:43:44.946 [main] INFO  testCases.TC_001_AccountRegistrationTest - Clicked on register link
17:43:44.951 [main] INFO  testCases.TC_001_AccountRegistrationTest - Providing customer data
17:43:46.373 [main] INFO  testCases.TC_001_AccountRegistrationTest - Clicked on continue
17:44:06.449 [main] INFO  testCases.TC_001_AccountRegistrationTest - Validating expected message
17:44:10.568 [main] INFO  testCases.TC_002_LoginTest - *********Starting TC_002_LoginTest********
17:44:12.531 [main] INFO  testCases.TC_002_LoginTest - *****Finished TC_002_LoginTest********
17:47:05.882 [main] INFO  testCases.TC_001_AccountRegistrationTest - ****Starting TC_001_AccountRegistrationTest****
17:47:06.044 [main] INFO  testCases.TC_001_AccountRegistrationTest - Clicked on My account link
17:47:06.808 [main] INFO  testCases.TC_001_AccountRegistrationTest - Clicked on register link
17:47:06.811 [main] INFO  testCases.TC_001_AccountRegistrationTest - Providing customer data
17:47:10.478 [main] INFO  testCases.TC_001_AccountRegistrationTest - Clicked on continue
17:47:10.530 [main] INFO  testCases.TC_001_AccountRegistrationTest - Validating expected message
17:47:10.534 [main] INFO  testCases.TC_001_AccountRegistrationTest - ***  Finished TC_001_AccountRegistrationTest ***
17:49:01.073 [main] INFO  testCases.TC_001_AccountRegistrationTest - ****Starting TC_001_AccountRegistrationTest****
17:49:01.200 [main] INFO  testCases.TC_001_AccountRegistrationTest - Clicked on My account link
17:49:01.921 [main] INFO  testCases.TC_001_AccountRegistrationTest - Clicked on register link
17:49:01.928 [main] INFO  testCases.TC_001_AccountRegistrationTest - Providing customer data
17:49:05.468 [main] INFO  testCases.TC_001_AccountRegistrationTest - Clicked on continue
17:49:05.523 [main] INFO  testCases.TC_001_AccountRegistrationTest - Validating expected message
17:49:05.526 [main] INFO  testCases.TC_001_AccountRegistrationTest - ***  Finished TC_001_AccountRegistrationTest ***
21:08:13.947 [main] INFO  testCases.TC_001_AccountRegistrationTest - ****Starting TC_001_AccountRegistrationTest****
21:08:14.211 [main] INFO  testCases.TC_001_AccountRegistrationTest - Clicked on My account link
21:08:15.484 [main] INFO  testCases.TC_001_AccountRegistrationTest - Clicked on register link
21:08:15.518 [main] INFO  testCases.TC_001_AccountRegistrationTest - Providing customer data
21:08:19.856 [main] INFO  testCases.TC_001_AccountRegistrationTest - Clicked on continue
21:08:19.912 [main] INFO  testCases.TC_001_AccountRegistrationTest - Validating expected message
21:08:19.917 [main] INFO  testCases.TC_001_AccountRegistrationTest - ***  Finished TC_001_AccountRegistrationTest ***
21:08:24.497 [main] INFO  testCases.TC_002_LoginTest - *********Starting TC_002_LoginTest********
21:08:26.626 [main] INFO  testCases.TC_002_LoginTest - *****Finished TC_002_LoginTest********
21:08:33.660 [main] INFO  testCases.TC_003_LoginDataDrivenTest - ****Starting TC_003_LoginDataDrivenTest****
21:08:36.297 [main] INFO  testCases.TC_003_LoginDataDrivenTest - ****Finished TC_003_LoginDataDrivenTest****
21:08:36.301 [main] INFO  testCases.TC_003_LoginDataDrivenTest - ****Starting TC_003_LoginDataDrivenTest****
21:08:57.738 [main] INFO  testCases.TC_003_LoginDataDrivenTest - ****Finished TC_003_LoginDataDrivenTest****
21:08:57.742 [main] INFO  testCases.TC_003_LoginDataDrivenTest - ****Starting TC_003_LoginDataDrivenTest****
21:09:19.546 [main] INFO  testCases.TC_003_LoginDataDrivenTest - ****Finished TC_003_LoginDataDrivenTest****
21:09:19.551 [main] INFO  testCases.TC_003_LoginDataDrivenTest - ****Starting TC_003_LoginDataDrivenTest****
21:09:40.763 [main] INFO  testCases.TC_003_LoginDataDrivenTest - ****Finished TC_003_LoginDataDrivenTest****
21:09:40.769 [main] INFO  testCases.TC_003_LoginDataDrivenTest - ****Starting TC_003_LoginDataDrivenTest****
21:10:02.679 [main] INFO  testCases.TC_003_LoginDataDrivenTest - ****Finished TC_003_LoginDataDrivenTest****
21:11:06.849 [main] INFO  testCases.TC_002_LoginTest - *********Starting TC_002_LoginTest********
21:11:08.786 [main] INFO  testCases.TC_002_LoginTest - *****Finished TC_002_LoginTest********
21:11:47.591 [main] INFO  testCases.TC_002_LoginTest - *********Starting TC_002_LoginTest********
21:11:49.544 [main] INFO  testCases.TC_002_LoginTest - *****Finished TC_002_LoginTest********
22:04:18.550 [main] INFO  testCases.TC_002_LoginTest - *********Starting TC_002_LoginTest********
22:04:21.605 [main] INFO  testCases.TC_002_LoginTest - *****Finished TC_002_LoginTest********
12:48:27.051 [main] INFO  testCases.TC_002_LoginTest - *********Starting TC_002_LoginTest********
12:48:32.780 [main] INFO  testCases.TC_002_LoginTest - *****Finished TC_002_LoginTest********
13:00:34.216 [main] INFO  testCases.TC_002_LoginTest - *********Starting TC_002_LoginTest********
13:00:37.053 [main] INFO  testCases.TC_002_LoginTest - *****Finished TC_002_LoginTest********
13:01:08.808 [main] INFO  testCases.TC_002_LoginTest - *********Starting TC_002_LoginTest********
13:01:10.897 [main] INFO  testCases.TC_002_LoginTest - *****Finished TC_002_LoginTest********
13:04:30.013 [main] INFO  testCases.TC_002_LoginTest - *********Starting TC_002_LoginTest********
13:04:32.372 [main] INFO  testCases.TC_002_LoginTest - *****Finished TC_002_LoginTest********
